0 info it worked if it ends with ok
1 verbose cli [ 'node', '/usr/local/bin/npm', 'publish', '--access=public' ]
2 info using npm@2.7.4
3 info using node@v0.12.2
4 verbose node symlink /usr/local/bin/node
5 verbose publish [ '.' ]
6 silly cache add args [ '.', null ]
7 verbose cache add spec .
8 silly cache add parsed spec { raw: '.',
8 silly cache add   scope: null,
8 silly cache add   name: null,
8 silly cache add   rawSpec: '.',
8 silly cache add   spec: '/Users/ndcollins/Clients/Nick Collins Design/Projects/slush-nc-angular-gulp',
8 silly cache add   type: 'directory' }
9 verbose addLocalDirectory /Users/ndcollins/.npm/@ncdesign/slush-nc-angular-gulp/0.1.0/package.tgz not in flight; packing
10 verbose tar pack [ '/Users/ndcollins/.npm/@ncdesign/slush-nc-angular-gulp/0.1.0/package.tgz',
10 verbose tar pack   '/Users/ndcollins/Clients/Nick Collins Design/Projects/slush-nc-angular-gulp' ]
11 verbose tarball /Users/ndcollins/.npm/@ncdesign/slush-nc-angular-gulp/0.1.0/package.tgz
12 verbose folder /Users/ndcollins/Clients/Nick Collins Design/Projects/slush-nc-angular-gulp
13 info prepublish @ncdesign/slush-nc-angular-gulp@0.1.0
14 verbose addLocalTarball adding from inside cache /Users/ndcollins/.npm/@ncdesign/slush-nc-angular-gulp/0.1.0/package.tgz
15 silly cache afterAdd @ncdesign/slush-nc-angular-gulp@0.1.0
16 verbose afterAdd /Users/ndcollins/.npm/@ncdesign/slush-nc-angular-gulp/0.1.0/package/package.json not in flight; writing
17 verbose afterAdd /Users/ndcollins/.npm/@ncdesign/slush-nc-angular-gulp/0.1.0/package/package.json written
18 silly publish { name: '@ncdesign/slush-nc-angular-gulp',
18 silly publish   description: '>',
18 silly publish   version: '0.1.0',
18 silly publish   homepage: 'https://github.com/ndcollins/slush-nc-angular-gulp',
18 silly publish   author: '',
18 silly publish   repository:
18 silly publish    { type: 'git',
18 silly publish      url: 'git@github.com:ndcollins/slush-nc-angular-gulp.git' },
18 silly publish   main: 'slushfile.js',
18 silly publish   engines: { node: '>= 0.10.26', npm: '>=1.4.3' },
18 silly publish   scripts: { test: 'echo "No tests"', start: 'node server.js' },
18 silly publish   dependencies:
18 silly publish    { slush: '>=1.0.0',
18 silly publish      gulp: '^3.8.11',
18 silly publish      'gulp-conflict': '^0.4.0',
18 silly publish      'gulp-install': '^0.2.0',
18 silly publish      'gulp-load-tasks': '^0.8.3',
18 silly publish      'gulp-rename': '^1.2.0',
18 silly publish      'gulp-template': '^3.0.0',
18 silly publish      'include-all': '^0.1.6',
18 silly publish      inquirer: '^0.9.0',
18 silly publish      lodash: '^3.6.0',
18 silly publish      path: '^0.11.14',
18 silly publish      'underscore.string': '^3.0.3',
18 silly publish      yargs: '^3.7.2',
18 silly publish      iniparser: '^1.0.5' },
18 silly publish   devDependencies:
18 silly publish    { assertthat: '^0.6.0',
18 silly publish      blanket: '^1.1.7',
18 silly publish      chai: '*',
18 silly publish      coveralls: '^2.11.3',
18 silly publish      'gulp-coverage': '^0.3.36',
18 silly publish      'gulp-coveralls': '^0.1.4',
18 silly publish      'gulp-mocha': '^2.1.3',
18 silly publish      'gulp-strip-debug': '^1.0.2',
18 silly publish      'gulp-util': '^3.0.6',
18 silly publish      mocha: '*',
18 silly publish      'mocha-lcov-reporter': '0.0.2',
18 silly publish      'mock-gulp-dest': '~0.1.0',
18 silly publish      'travis-cov': '^0.2.5' },
18 silly publish   keywords: [ 'slushgenerator' ],
18 silly publish   readme: '# Slush kolyap [![Build Status](https://secure.travis-ci.org/Parikmaher/slush-parikmaher.png?branch=master)](https://travis-ci.org/kolyap/slush-kolyap) [![NPM version](https://badge-me.herokuapp.com/api/npm/slush-parikmaher.png)](http://badges.enytc.com/for/npm/slush-kolyap)\n\n> \n\n\n## Getting Started\n\nInstall `slush-kolyap` globally:\n\n```bash\n$ npm install -g slush-kolyap\n```\n\n### Usage\n\nCreate a new folder for your project:\n\n```bash\n$ mkdir my-slush-kolyap\n```\n\nRun the generator from within the new folder:\n\n```bash\n$ cd my-slush-kolyap && slush kolyap\n```\n\n## Getting To Know Slush\n\nSlush is a tool that uses Gulp for project scaffolding.\n\nSlush does not contain anything "out of the box", except the ability to locate installed slush generators and to run them with liftoff.\n\nTo find out more about Slush, check out the [documentation](https://github.com/slushjs/slush).\n\n\n## License \n\nThe MIT License\n\nCopyright (c) 2015, \n\nPermission is hereby granted, free of charge, to any person\nobtaining a copy of this software and associated documentation\nfiles (the "Software"), to deal in the Software without\nrestriction, including without limitation the rights to use,\ncopy, modify, merge, publish, distribute, sublicense, and/or sell\ncopies of the Software, and to permit persons to whom the\nSoftware is furnished to do so, subject to the following\nconditions:\n\nThe above copyright notice and this permission notice shall be\nincluded in all copies or substantial portions of the Software.\n\nTHE SOFTWARE IS PROVIDED "AS IS", WITHOUT WARRANTY OF ANY KIND,\nEXPRESS OR IMPLIED, INCLUDING BUT NOT LIMITED TO THE WARRANTIES\nOF MERCHANTABILITY, FITNESS FOR A PARTICULAR PURPOSE AND\nNONINFRINGEMENT. IN NO EVENT SHALL THE AUTHORS OR COPYRIGHT\nHOLDERS BE LIABLE FOR ANY CLAIM, DAMAGES OR OTHER LIABILITY,\nWHETHER IN AN ACTION OF CONTRACT, TORT OR OTHERWISE, ARISING\nFROM, OUT OF OR IN CONNECTION WITH THE SOFTWARE OR THE USE OR\nOTHER DEALINGS IN THE SOFTWARE.\n\n',
18 silly publish   readmeFilename: 'README.md',
18 silly publish   gitHead: '543fd910984d2f77c9a7b55e8a2c1d65f17e7101',
18 silly publish   bugs: { url: 'https://github.com/ndcollins/slush-nc-angular-gulp/issues' },
18 silly publish   _id: '@ncdesign/slush-nc-angular-gulp@0.1.0',
18 silly publish   _shasum: '45c109af2c6408572a5331082717476005a93917',
18 silly publish   _from: '.' }
19 silly mapToRegistry name @ncdesign/slush-nc-angular-gulp
20 silly mapToRegistry scope (from package name) @ncdesign
21 verbose mapToRegistry no registry URL found in name for scope @ncdesign
22 silly mapToRegistry scope (from config) @ncdesign
23 verbose mapToRegistry no registry URL found in config for scope @ncdesign
24 silly mapToRegistry using default registry
25 silly mapToRegistry registry https://registry.npmjs.org/
26 silly mapToRegistry uri https://registry.npmjs.org/@ncdesign%2fslush-nc-angular-gulp
27 verbose publish registryBase https://registry.npmjs.org/
28 silly publish uploading /Users/ndcollins/.npm/@ncdesign/slush-nc-angular-gulp/0.1.0/package.tgz
29 verbose request uri https://registry.npmjs.org/@ncdesign%2fslush-nc-angular-gulp
30 verbose request sending authorization for write operation
31 info attempt registry request try #1 at 10:06:14
32 verbose request using bearer token for auth
33 verbose request id fa6edada5107154a
34 http request PUT https://registry.npmjs.org/@ncdesign%2fslush-nc-angular-gulp
35 http 403 https://registry.npmjs.org/@ncdesign%2fslush-nc-angular-gulp
36 verbose headers { 'content-type': 'application/json',
36 verbose headers   'cache-control': 'max-age=0',
36 verbose headers   'content-length': '95',
36 verbose headers   'accept-ranges': 'bytes',
36 verbose headers   date: 'Fri, 31 Jul 2015 15:06:17 GMT',
36 verbose headers   via: '1.1 varnish',
36 verbose headers   connection: 'keep-alive',
36 verbose headers   'x-served-by': 'cache-dfw1825-DFW',
36 verbose headers   'x-cache': 'MISS',
36 verbose headers   'x-cache-hits': '0',
36 verbose headers   'x-timer': 'S1438355175.022497,VS0,VE2340' }
37 verbose request invalidating /Users/ndcollins/.npm/registry.npmjs.org/_40ncdesign_252fslush-nc-angular-gulp on PUT
38 error publish Failed PUT 403
39 verbose stack Error: "You cannot publish over the previously published version 0.1.0." : @ncdesign%2fslush-nc-angular-gulp
39 verbose stack     at CachingRegistryClient.<anonymous> (/usr/local/lib/node_modules/npm/node_modules/npm-registry-client/lib/request.js:247:14)
39 verbose stack     at Request._callback (/usr/local/lib/node_modules/npm/node_modules/npm-registry-client/lib/request.js:170:14)
39 verbose stack     at Request.self.callback (/usr/local/lib/node_modules/npm/node_modules/request/request.js:344:22)
39 verbose stack     at Request.emit (events.js:110:17)
39 verbose stack     at Request.<anonymous> (/usr/local/lib/node_modules/npm/node_modules/request/request.js:1239:14)
39 verbose stack     at Request.emit (events.js:129:20)
39 verbose stack     at IncomingMessage.<anonymous> (/usr/local/lib/node_modules/npm/node_modules/request/request.js:1187:12)
39 verbose stack     at IncomingMessage.emit (events.js:129:20)
39 verbose stack     at _stream_readable.js:908:16
39 verbose stack     at process._tickCallback (node.js:355:11)
40 verbose statusCode 403
41 verbose pkgid @ncdesign%2fslush-nc-angular-gulp
42 verbose cwd /Users/ndcollins/Clients/Nick Collins Design/Projects/slush-nc-angular-gulp
43 error Darwin 14.4.0
44 error argv "node" "/usr/local/bin/npm" "publish" "--access=public"
45 error node v0.12.2
46 error npm  v2.7.4
47 error code E403
48 error "You cannot publish over the previously published version 0.1.0." : @ncdesign%2fslush-nc-angular-gulp
49 error If you need help, you may report this error at:
49 error     <https://github.com/npm/npm/issues>
50 verbose exit [ 1, true ]
